<?xml version="1.0" encoding="UTF-8"?>
<coverage generated="1600441183112" clover="3.2.0">
  <project timestamp="1600441183112" name="All files">
    <metrics statements="63" coveredstatements="52" conditionals="76" coveredconditionals="50" methods="11" coveredmethods="11" elements="150" coveredelements="113" complexity="0" loc="63" ncloc="63" packages="1" files="1" classes="1"/>
    <file name="index.ts" path="/home/braun/Área de Trabalho/workspace/Pessoal/pretty-log/src/index.ts">
      <metrics statements="63" coveredstatements="52" conditionals="76" coveredconditionals="50" methods="11" coveredmethods="11"/>
      <line num="1" count="1" type="stmt"/>
      <line num="2" count="1" type="stmt"/>
      <line num="7" count="10" type="cond" truecount="1" falsecount="1"/>
      <line num="8" count="10" type="cond" truecount="3" falsecount="1"/>
      <line num="9" count="0" type="stmt"/>
      <line num="11" count="10" type="cond" truecount="3" falsecount="1"/>
      <line num="12" count="10" type="stmt"/>
      <line num="14" count="0" type="cond" truecount="0" falsecount="4"/>
      <line num="15" count="0" type="stmt"/>
      <line num="17" count="0" type="stmt"/>
      <line num="20" count="36" type="cond" truecount="1" falsecount="1"/>
      <line num="21" count="18" type="stmt"/>
      <line num="22" count="18" type="stmt"/>
      <line num="23" count="36" type="stmt"/>
      <line num="25" count="18" type="stmt"/>
      <line num="29" count="8" type="stmt"/>
      <line num="30" count="8" type="cond" truecount="3" falsecount="1"/>
      <line num="31" count="0" type="stmt"/>
      <line num="33" count="8" type="cond" truecount="3" falsecount="1"/>
      <line num="34" count="8" type="stmt"/>
      <line num="36" count="0" type="cond" truecount="0" falsecount="4"/>
      <line num="37" count="0" type="stmt"/>
      <line num="39" count="0" type="stmt"/>
      <line num="43" count="10" type="stmt"/>
      <line num="44" count="10" type="cond" truecount="2" falsecount="2"/>
      <line num="45" count="0" type="stmt"/>
      <line num="47" count="10" type="cond" truecount="2" falsecount="2"/>
      <line num="48" count="0" type="stmt"/>
      <line num="50" count="10" type="cond" truecount="3" falsecount="1"/>
      <line num="51" count="0" type="stmt"/>
      <line num="53" count="10" type="stmt"/>
      <line num="58" count="10" type="cond" truecount="1" falsecount="1"/>
      <line num="61" count="10" type="cond" truecount="1" falsecount="1"/>
      <line num="62" count="10" type="cond" truecount="2" falsecount="0"/>
      <line num="63" count="10" type="stmt"/>
      <line num="65" count="10" type="cond" truecount="2" falsecount="0"/>
      <line num="66" count="5" type="stmt"/>
      <line num="69" count="1" type="stmt"/>
      <line num="70" count="1" type="stmt"/>
      <line num="72" count="3" type="cond" truecount="2" falsecount="0"/>
      <line num="73" count="4" type="cond" truecount="1" falsecount="1"/>
      <line num="80" count="2" type="stmt"/>
      <line num="81" count="2" type="cond" truecount="2" falsecount="0"/>
      <line num="84" count="1" type="stmt"/>
      <line num="86" count="3" type="cond" truecount="2" falsecount="0"/>
      <line num="87" count="4" type="cond" truecount="1" falsecount="1"/>
      <line num="94" count="2" type="stmt"/>
      <line num="95" count="2" type="cond" truecount="2" falsecount="0"/>
      <line num="98" count="1" type="stmt"/>
      <line num="100" count="3" type="cond" truecount="2" falsecount="0"/>
      <line num="101" count="4" type="cond" truecount="1" falsecount="1"/>
      <line num="108" count="2" type="stmt"/>
      <line num="109" count="2" type="cond" truecount="2" falsecount="0"/>
      <line num="112" count="1" type="stmt"/>
      <line num="114" count="3" type="cond" truecount="2" falsecount="0"/>
      <line num="115" count="4" type="cond" truecount="1" falsecount="1"/>
      <line num="122" count="2" type="stmt"/>
      <line num="123" count="2" type="cond" truecount="2" falsecount="0"/>
      <line num="126" count="2" type="cond" truecount="1" falsecount="1"/>
      <line num="127" count="2" type="stmt"/>
      <line num="128" count="2" type="cond" truecount="2" falsecount="0"/>
      <line num="130" count="1" type="stmt"/>
      <line num="132" count="1" type="stmt"/>
    </file>
  </project>
</coverage>
