{"/home/braun/Área de Trabalho/workspace/Pessoal/pretty-log/src/index.ts": {"path":"/home/braun/Área de Trabalho/workspace/Pessoal/pretty-log/src/index.ts","statementMap":{"0":{"start":{"line":1,"column":0},"end":{"line":1,"column":25}},"1":{"start":{"line":2,"column":0},"end":{"line":2,"column":29}},"2":{"start":{"line":7,"column":23},"end":{"line":7,"column":45}},"3":{"start":{"line":8,"column":2},"end":{"line":10,"column":null}},"4":{"start":{"line":9,"column":4},"end":{"line":9,"column":null}},"5":{"start":{"line":11,"column":2},"end":{"line":13,"column":null}},"6":{"start":{"line":12,"column":4},"end":{"line":12,"column":null}},"7":{"start":{"line":14,"column":2},"end":{"line":16,"column":null}},"8":{"start":{"line":15,"column":4},"end":{"line":15,"column":null}},"9":{"start":{"line":17,"column":2},"end":{"line":17,"column":null}},"10":{"start":{"line":20,"column":18},"end":{"line":20,"column":null}},"11":{"start":{"line":21,"column":14},"end":{"line":21,"column":16}},"12":{"start":{"line":22,"column":2},"end":{"line":24,"column":null}},"13":{"start":{"line":22,"column":19},"end":{"line":22,"column":20}},"14":{"start":{"line":23,"column":4},"end":{"line":23,"column":null}},"15":{"start":{"line":25,"column":2},"end":{"line":25,"column":null}},"16":{"start":{"line":29,"column":16},"end":{"line":29,"column":44}},"17":{"start":{"line":30,"column":2},"end":{"line":32,"column":null}},"18":{"start":{"line":31,"column":4},"end":{"line":31,"column":null}},"19":{"start":{"line":33,"column":2},"end":{"line":35,"column":null}},"20":{"start":{"line":34,"column":4},"end":{"line":34,"column":null}},"21":{"start":{"line":36,"column":2},"end":{"line":38,"column":null}},"22":{"start":{"line":37,"column":4},"end":{"line":37,"column":null}},"23":{"start":{"line":39,"column":2},"end":{"line":39,"column":null}},"24":{"start":{"line":43,"column":16},"end":{"line":43,"column":46}},"25":{"start":{"line":44,"column":2},"end":{"line":46,"column":null}},"26":{"start":{"line":45,"column":4},"end":{"line":45,"column":null}},"27":{"start":{"line":47,"column":2},"end":{"line":49,"column":null}},"28":{"start":{"line":48,"column":4},"end":{"line":48,"column":null}},"29":{"start":{"line":50,"column":2},"end":{"line":52,"column":null}},"30":{"start":{"line":51,"column":4},"end":{"line":51,"column":null}},"31":{"start":{"line":53,"column":2},"end":{"line":53,"column":null}},"32":{"start":{"line":58,"column":2},"end":{"line":58,"column":null}},"33":{"start":{"line":61,"column":15},"end":{"line":61,"column":51}},"34":{"start":{"line":62,"column":16},"end":{"line":62,"column":54}},"35":{"start":{"line":63,"column":14},"end":{"line":63,"column":42}},"36":{"start":{"line":65,"column":2},"end":{"line":66,"column":null}},"37":{"start":{"line":65,"column":16},"end":{"line":65,"column":null}},"38":{"start":{"line":66,"column":7},"end":{"line":66,"column":null}},"39":{"start":{"line":69,"column":0},"end":{"line":69,"column":null}},"40":{"start":{"line":70,"column":2},"end":{"line":82,"column":null}},"41":{"start":{"line":72,"column":4},"end":{"line":72,"column":null}},"42":{"start":{"line":73,"column":4},"end":{"line":78,"column":null}},"43":{"start":{"line":80,"column":4},"end":{"line":80,"column":null}},"44":{"start":{"line":81,"column":4},"end":{"line":81,"column":null}},"45":{"start":{"line":84,"column":2},"end":{"line":96,"column":null}},"46":{"start":{"line":86,"column":4},"end":{"line":86,"column":null}},"47":{"start":{"line":87,"column":4},"end":{"line":92,"column":null}},"48":{"start":{"line":94,"column":4},"end":{"line":94,"column":null}},"49":{"start":{"line":95,"column":4},"end":{"line":95,"column":null}},"50":{"start":{"line":98,"column":2},"end":{"line":110,"column":null}},"51":{"start":{"line":100,"column":4},"end":{"line":100,"column":null}},"52":{"start":{"line":101,"column":4},"end":{"line":106,"column":null}},"53":{"start":{"line":108,"column":4},"end":{"line":108,"column":null}},"54":{"start":{"line":109,"column":4},"end":{"line":109,"column":null}},"55":{"start":{"line":112,"column":2},"end":{"line":124,"column":null}},"56":{"start":{"line":114,"column":4},"end":{"line":114,"column":null}},"57":{"start":{"line":115,"column":4},"end":{"line":120,"column":null}},"58":{"start":{"line":122,"column":4},"end":{"line":122,"column":null}},"59":{"start":{"line":123,"column":4},"end":{"line":123,"column":null}},"60":{"start":{"line":126,"column":2},"end":{"line":129,"column":null}},"61":{"start":{"line":126,"column":22},"end":{"line":126,"column":48}},"62":{"start":{"line":127,"column":4},"end":{"line":127,"column":null}},"63":{"start":{"line":128,"column":4},"end":{"line":128,"column":null}},"64":{"start":{"line":130,"column":0},"end":{"line":130,"column":null}},"65":{"start":{"line":132,"column":0},"end":{"line":132,"column":null}}},"fnMap":{"0":{"name":"getIcon","decl":{"start":{"line":6,"column":9},"end":{"line":6,"column":16}},"loc":{"start":{"line":6,"column":33},"end":{"line":18,"column":1}}},"1":{"name":"getSpace","decl":{"start":{"line":20,"column":9},"end":{"line":20,"column":17}},"loc":{"start":{"line":20,"column":27},"end":{"line":26,"column":1}}},"2":{"name":"getTitle","decl":{"start":{"line":28,"column":9},"end":{"line":28,"column":17}},"loc":{"start":{"line":28,"column":34},"end":{"line":40,"column":1}}},"3":{"name":"getMessage","decl":{"start":{"line":42,"column":9},"end":{"line":42,"column":19}},"loc":{"start":{"line":42,"column":53},"end":{"line":54,"column":1}}},"4":{"name":"printColoredLog","decl":{"start":{"line":56,"column":9},"end":{"line":56,"column":24}},"loc":{"start":{"line":59,"column":18},"end":{"line":67,"column":1}}},"5":{"name":"(anonymous_6)","decl":{"start":{"line":69,"column":0},"end":{"line":69,"column":null}},"loc":{"start":{"line":69,"column":0},"end":{"line":130,"column":null}}},"6":{"name":"(anonymous_8)","decl":{"start":{"line":70,"column":2},"end":{"line":70,"column":6}},"loc":{"start":{"line":78,"column":5},"end":{"line":82,"column":3}}},"7":{"name":"(anonymous_9)","decl":{"start":{"line":84,"column":2},"end":{"line":84,"column":9}},"loc":{"start":{"line":92,"column":5},"end":{"line":96,"column":3}}},"8":{"name":"(anonymous_10)","decl":{"start":{"line":98,"column":2},"end":{"line":98,"column":6}},"loc":{"start":{"line":106,"column":5},"end":{"line":110,"column":3}}},"9":{"name":"(anonymous_11)","decl":{"start":{"line":112,"column":2},"end":{"line":112,"column":7}},"loc":{"start":{"line":120,"column":5},"end":{"line":124,"column":3}}},"10":{"name":"(anonymous_12)","decl":{"start":{"line":126,"column":2},"end":{"line":126,"column":8}},"loc":{"start":{"line":126,"column":64},"end":{"line":129,"column":3}}}},"branchMap":{"0":{"loc":{"start":{"line":7,"column":23},"end":{"line":7,"column":35}},"type":"binary-expr","locations":[{"start":{"line":7,"column":23},"end":{"line":7,"column":35}},{"start":{"line":7,"column":39},"end":{"line":7,"column":45}}]},"1":{"loc":{"start":{"line":8,"column":2},"end":{"line":10,"column":null}},"type":"if","locations":[{"start":{"line":8,"column":2},"end":{"line":10,"column":null}},{"start":{"line":8,"column":2},"end":{"line":10,"column":null}}]},"2":{"loc":{"start":{"line":8,"column":6},"end":{"line":8,"column":23}},"type":"binary-expr","locations":[{"start":{"line":8,"column":6},"end":{"line":8,"column":23}},{"start":{"line":8,"column":27},"end":{"line":8,"column":49}}]},"3":{"loc":{"start":{"line":11,"column":2},"end":{"line":13,"column":null}},"type":"if","locations":[{"start":{"line":11,"column":2},"end":{"line":13,"column":null}},{"start":{"line":11,"column":2},"end":{"line":13,"column":null}}]},"4":{"loc":{"start":{"line":11,"column":6},"end":{"line":11,"column":23}},"type":"binary-expr","locations":[{"start":{"line":11,"column":6},"end":{"line":11,"column":23}},{"start":{"line":11,"column":27},"end":{"line":11,"column":50}}]},"5":{"loc":{"start":{"line":14,"column":2},"end":{"line":16,"column":null}},"type":"if","locations":[{"start":{"line":14,"column":2},"end":{"line":16,"column":null}},{"start":{"line":14,"column":2},"end":{"line":16,"column":null}}]},"6":{"loc":{"start":{"line":14,"column":6},"end":{"line":14,"column":24}},"type":"binary-expr","locations":[{"start":{"line":14,"column":6},"end":{"line":14,"column":24}},{"start":{"line":14,"column":28},"end":{"line":14,"column":50}}]},"7":{"loc":{"start":{"line":20,"column":18},"end":{"line":20,"column":null}},"type":"if","locations":[{"start":{"line":20,"column":18},"end":{"line":20,"column":null}},{"start":{"line":20,"column":18},"end":{"line":20,"column":null}}]},"8":{"loc":{"start":{"line":30,"column":2},"end":{"line":32,"column":null}},"type":"if","locations":[{"start":{"line":30,"column":2},"end":{"line":32,"column":null}},{"start":{"line":30,"column":2},"end":{"line":32,"column":null}}]},"9":{"loc":{"start":{"line":30,"column":6},"end":{"line":30,"column":24}},"type":"binary-expr","locations":[{"start":{"line":30,"column":6},"end":{"line":30,"column":24}},{"start":{"line":30,"column":28},"end":{"line":30,"column":51}}]},"10":{"loc":{"start":{"line":33,"column":2},"end":{"line":35,"column":null}},"type":"if","locations":[{"start":{"line":33,"column":2},"end":{"line":35,"column":null}},{"start":{"line":33,"column":2},"end":{"line":35,"column":null}}]},"11":{"loc":{"start":{"line":33,"column":6},"end":{"line":33,"column":24}},"type":"binary-expr","locations":[{"start":{"line":33,"column":6},"end":{"line":33,"column":24}},{"start":{"line":33,"column":28},"end":{"line":33,"column":52}}]},"12":{"loc":{"start":{"line":36,"column":2},"end":{"line":38,"column":null}},"type":"if","locations":[{"start":{"line":36,"column":2},"end":{"line":38,"column":null}},{"start":{"line":36,"column":2},"end":{"line":38,"column":null}}]},"13":{"loc":{"start":{"line":36,"column":6},"end":{"line":36,"column":25}},"type":"binary-expr","locations":[{"start":{"line":36,"column":6},"end":{"line":36,"column":25}},{"start":{"line":36,"column":29},"end":{"line":36,"column":52}}]},"14":{"loc":{"start":{"line":44,"column":2},"end":{"line":46,"column":null}},"type":"if","locations":[{"start":{"line":44,"column":2},"end":{"line":46,"column":null}},{"start":{"line":44,"column":2},"end":{"line":46,"column":null}}]},"15":{"loc":{"start":{"line":44,"column":6},"end":{"line":44,"column":26}},"type":"binary-expr","locations":[{"start":{"line":44,"column":6},"end":{"line":44,"column":26}},{"start":{"line":44,"column":30},"end":{"line":44,"column":55}}]},"16":{"loc":{"start":{"line":47,"column":2},"end":{"line":49,"column":null}},"type":"if","locations":[{"start":{"line":47,"column":2},"end":{"line":49,"column":null}},{"start":{"line":47,"column":2},"end":{"line":49,"column":null}}]},"17":{"loc":{"start":{"line":47,"column":6},"end":{"line":47,"column":26}},"type":"binary-expr","locations":[{"start":{"line":47,"column":6},"end":{"line":47,"column":26}},{"start":{"line":47,"column":30},"end":{"line":47,"column":56}}]},"18":{"loc":{"start":{"line":50,"column":2},"end":{"line":52,"column":null}},"type":"if","locations":[{"start":{"line":50,"column":2},"end":{"line":52,"column":null}},{"start":{"line":50,"column":2},"end":{"line":52,"column":null}}]},"19":{"loc":{"start":{"line":50,"column":6},"end":{"line":50,"column":27}},"type":"binary-expr","locations":[{"start":{"line":50,"column":6},"end":{"line":50,"column":27}},{"start":{"line":50,"column":31},"end":{"line":50,"column":56}}]},"20":{"loc":{"start":{"line":58,"column":2},"end":{"line":58,"column":null}},"type":"if","locations":[{"start":{"line":58,"column":2},"end":{"line":58,"column":null}},{"start":{"line":58,"column":2},"end":{"line":58,"column":null}}]},"21":{"loc":{"start":{"line":61,"column":30},"end":{"line":61,"column":46}},"type":"cond-expr","locations":[{"start":{"line":61,"column":30},"end":{"line":61,"column":46}},{"start":{"line":61,"column":49},"end":{"line":61,"column":51}}]},"22":{"loc":{"start":{"line":62,"column":32},"end":{"line":62,"column":49}},"type":"cond-expr","locations":[{"start":{"line":62,"column":32},"end":{"line":62,"column":49}},{"start":{"line":62,"column":52},"end":{"line":62,"column":54}}]},"23":{"loc":{"start":{"line":65,"column":2},"end":{"line":66,"column":null}},"type":"if","locations":[{"start":{"line":65,"column":2},"end":{"line":66,"column":null}},{"start":{"line":65,"column":2},"end":{"line":66,"column":null}}]},"24":{"loc":{"start":{"line":72,"column":4},"end":{"line":72,"column":null}},"type":"if","locations":[{"start":{"line":72,"column":4},"end":{"line":72,"column":null}},{"start":{"line":72,"column":4},"end":{"line":72,"column":null}}]},"25":{"loc":{"start":{"line":73,"column":4},"end":{"line":78,"column":null}},"type":"if","locations":[{"start":{"line":73,"column":4},"end":{"line":78,"column":null}},{"start":{"line":73,"column":4},"end":{"line":78,"column":null}}]},"26":{"loc":{"start":{"line":81,"column":11},"end":{"line":81,"column":19}},"type":"binary-expr","locations":[{"start":{"line":81,"column":11},"end":{"line":81,"column":19}},{"start":{"line":81,"column":23},"end":{"line":81,"column":27}}]},"27":{"loc":{"start":{"line":86,"column":4},"end":{"line":86,"column":null}},"type":"if","locations":[{"start":{"line":86,"column":4},"end":{"line":86,"column":null}},{"start":{"line":86,"column":4},"end":{"line":86,"column":null}}]},"28":{"loc":{"start":{"line":87,"column":4},"end":{"line":92,"column":null}},"type":"if","locations":[{"start":{"line":87,"column":4},"end":{"line":92,"column":null}},{"start":{"line":87,"column":4},"end":{"line":92,"column":null}}]},"29":{"loc":{"start":{"line":95,"column":11},"end":{"line":95,"column":19}},"type":"binary-expr","locations":[{"start":{"line":95,"column":11},"end":{"line":95,"column":19}},{"start":{"line":95,"column":23},"end":{"line":95,"column":27}}]},"30":{"loc":{"start":{"line":100,"column":4},"end":{"line":100,"column":null}},"type":"if","locations":[{"start":{"line":100,"column":4},"end":{"line":100,"column":null}},{"start":{"line":100,"column":4},"end":{"line":100,"column":null}}]},"31":{"loc":{"start":{"line":101,"column":4},"end":{"line":106,"column":null}},"type":"if","locations":[{"start":{"line":101,"column":4},"end":{"line":106,"column":null}},{"start":{"line":101,"column":4},"end":{"line":106,"column":null}}]},"32":{"loc":{"start":{"line":109,"column":11},"end":{"line":109,"column":19}},"type":"binary-expr","locations":[{"start":{"line":109,"column":11},"end":{"line":109,"column":19}},{"start":{"line":109,"column":23},"end":{"line":109,"column":27}}]},"33":{"loc":{"start":{"line":114,"column":4},"end":{"line":114,"column":null}},"type":"if","locations":[{"start":{"line":114,"column":4},"end":{"line":114,"column":null}},{"start":{"line":114,"column":4},"end":{"line":114,"column":null}}]},"34":{"loc":{"start":{"line":115,"column":4},"end":{"line":120,"column":null}},"type":"if","locations":[{"start":{"line":115,"column":4},"end":{"line":120,"column":null}},{"start":{"line":115,"column":4},"end":{"line":120,"column":null}}]},"35":{"loc":{"start":{"line":123,"column":11},"end":{"line":123,"column":19}},"type":"binary-expr","locations":[{"start":{"line":123,"column":11},"end":{"line":123,"column":19}},{"start":{"line":123,"column":23},"end":{"line":123,"column":27}}]},"36":{"loc":{"start":{"line":126,"column":22},"end":{"line":126,"column":48}},"type":"if","locations":[{"start":{"line":126,"column":22},"end":{"line":126,"column":48}},{"start":{"line":126,"column":22},"end":{"line":126,"column":48}}]},"37":{"loc":{"start":{"line":128,"column":11},"end":{"line":128,"column":19}},"type":"binary-expr","locations":[{"start":{"line":128,"column":11},"end":{"line":128,"column":19}},{"start":{"line":128,"column":23},"end":{"line":128,"column":27}}]}},"s":{"0":1,"1":1,"2":10,"3":10,"4":0,"5":10,"6":10,"7":0,"8":0,"9":0,"10":36,"11":18,"12":18,"13":18,"14":36,"15":18,"16":8,"17":8,"18":0,"19":8,"20":8,"21":0,"22":0,"23":0,"24":10,"25":10,"26":0,"27":10,"28":0,"29":10,"30":0,"31":10,"32":10,"33":10,"34":10,"35":10,"36":10,"37":5,"38":5,"39":1,"40":1,"41":3,"42":4,"43":2,"44":2,"45":1,"46":3,"47":4,"48":2,"49":2,"50":1,"51":3,"52":4,"53":2,"54":2,"55":1,"56":3,"57":4,"58":2,"59":2,"60":1,"61":2,"62":2,"63":2,"64":1,"65":1},"f":{"0":10,"1":18,"2":8,"3":10,"4":10,"5":2,"6":2,"7":2,"8":2,"9":2,"10":2},"b":{"0":[10,0],"1":[0,10],"2":[10,10],"3":[10,0],"4":[10,10],"5":[0,0],"6":[0,0],"7":[18,0],"8":[0,8],"9":[8,8],"10":[8,0],"11":[8,8],"12":[0,0],"13":[0,0],"14":[0,10],"15":[10,0],"16":[0,10],"17":[10,0],"18":[0,10],"19":[10,10],"20":[0,10],"21":[10,0],"22":[8,2],"23":[5,5],"24":[1,1],"25":[2,0],"26":[2,1],"27":[1,1],"28":[2,0],"29":[2,1],"30":[1,1],"31":[2,0],"32":[2,1],"33":[1,1],"34":[2,0],"35":[2,1],"36":[0,2],"37":[2,1]}}
}
