TN:
SF:src/index.ts
FN:6,getIcon
FN:20,getSpace
FN:28,getTitle
FN:42,getMessage
FN:56,printColoredLog
FN:69,(anonymous_6)
FN:70,(anonymous_8)
FN:84,(anonymous_9)
FN:98,(anonymous_10)
FN:112,(anonymous_11)
FN:126,(anonymous_12)
FNF:11
FNH:11
FNDA:10,getIcon
FNDA:18,getSpace
FNDA:8,getTitle
FNDA:10,getMessage
FNDA:10,printColoredLog
FNDA:2,(anonymous_6)
FNDA:2,(anonymous_8)
FNDA:2,(anonymous_9)
FNDA:2,(anonymous_10)
FNDA:2,(anonymous_11)
FNDA:2,(anonymous_12)
DA:1,1
DA:2,1
DA:7,10
DA:8,10
DA:9,0
DA:11,10
DA:12,10
DA:14,0
DA:15,0
DA:17,0
DA:20,36
DA:21,18
DA:22,18
DA:23,36
DA:25,18
DA:29,8
DA:30,8
DA:31,0
DA:33,8
DA:34,8
DA:36,0
DA:37,0
DA:39,0
DA:43,10
DA:44,10
DA:45,0
DA:47,10
DA:48,0
DA:50,10
DA:51,0
DA:53,10
DA:58,10
DA:61,10
DA:62,10
DA:63,10
DA:65,10
DA:66,5
DA:69,1
DA:70,1
DA:72,3
DA:73,4
DA:80,2
DA:81,2
DA:84,1
DA:86,3
DA:87,4
DA:94,2
DA:95,2
DA:98,1
DA:100,3
DA:101,4
DA:108,2
DA:109,2
DA:112,1
DA:114,3
DA:115,4
DA:122,2
DA:123,2
DA:126,2
DA:127,2
DA:128,2
DA:130,1
DA:132,1
LF:63
LH:52
BRDA:7,0,0,10
BRDA:7,0,1,0
BRDA:8,1,0,0
BRDA:8,1,1,10
BRDA:8,2,0,10
BRDA:8,2,1,10
BRDA:11,3,0,10
BRDA:11,3,1,0
BRDA:11,4,0,10
BRDA:11,4,1,10
BRDA:14,5,0,0
BRDA:14,5,1,0
BRDA:14,6,0,0
BRDA:14,6,1,0
BRDA:20,7,0,18
BRDA:20,7,1,0
BRDA:30,8,0,0
BRDA:30,8,1,8
BRDA:30,9,0,8
BRDA:30,9,1,8
BRDA:33,10,0,8
BRDA:33,10,1,0
BRDA:33,11,0,8
BRDA:33,11,1,8
BRDA:36,12,0,0
BRDA:36,12,1,0
BRDA:36,13,0,0
BRDA:36,13,1,0
BRDA:44,14,0,0
BRDA:44,14,1,10
BRDA:44,15,0,10
BRDA:44,15,1,0
BRDA:47,16,0,0
BRDA:47,16,1,10
BRDA:47,17,0,10
BRDA:47,17,1,0
BRDA:50,18,0,0
BRDA:50,18,1,10
BRDA:50,19,0,10
BRDA:50,19,1,10
BRDA:58,20,0,0
BRDA:58,20,1,10
BRDA:61,21,0,10
BRDA:61,21,1,0
BRDA:62,22,0,8
BRDA:62,22,1,2
BRDA:65,23,0,5
BRDA:65,23,1,5
BRDA:72,24,0,1
BRDA:72,24,1,1
BRDA:73,25,0,2
BRDA:73,25,1,0
BRDA:81,26,0,2
BRDA:81,26,1,1
BRDA:86,27,0,1
BRDA:86,27,1,1
BRDA:87,28,0,2
BRDA:87,28,1,0
BRDA:95,29,0,2
BRDA:95,29,1,1
BRDA:100,30,0,1
BRDA:100,30,1,1
BRDA:101,31,0,2
BRDA:101,31,1,0
BRDA:109,32,0,2
BRDA:109,32,1,1
BRDA:114,33,0,1
BRDA:114,33,1,1
BRDA:115,34,0,2
BRDA:115,34,1,0
BRDA:123,35,0,2
BRDA:123,35,1,1
BRDA:126,36,0,0
BRDA:126,36,1,2
BRDA:128,37,0,2
BRDA:128,37,1,1
BRF:76
BRH:50
end_of_record
